TN:
SF:script/Deploy.s.sol
FN:41,DeployScript.setUp
FNDA:0,DeployScript.setUp
FN:43,DeployScript.run
FNDA:0,DeployScript.run
DA:44,0
DA:45,0
DA:47,0
DA:48,0
DA:49,0
DA:50,0
DA:52,0
DA:53,0
DA:54,0
DA:56,0
DA:58,0
DA:59,0
DA:60,0
FN:11,DeploySSTORE2s.setUp
FNDA:0,DeploySSTORE2s.setUp
FN:13,DeploySSTORE2s.run
FNDA:0,DeploySSTORE2s.run
DA:14,0
DA:15,0
DA:17,0
DA:20,0
DA:23,0
DA:26,0
DA:30,0
DA:32,0
DA:33,0
DA:34,0
DA:35,0
FNF:4
FNH:0
LF:24
LH:0
BRF:0
BRH:0
end_of_record
TN:
SF:src/TokenizedShares.sol
FN:46,TokenizedShares.controller
FNDA:5,TokenizedShares.controller
DA:47,82
FN:54,TokenizedShares.keeperShares
FNDA:9,TokenizedShares.keeperShares
DA:55,189
FN:62,TokenizedShares.name
FNDA:5,TokenizedShares.name
DA:63,7
FN:70,TokenizedShares.symbol
FNDA:5,TokenizedShares.symbol
DA:71,7
FN:111,TokenizedShares.controllerMintShares
FNDA:33,TokenizedShares.controllerMintShares
DA:112,32
DA:114,32
BRDA:114,0,0,1
BRDA:114,0,1,31
DA:115,31
BRDA:115,1,0,1
BRDA:115,1,1,30
DA:117,30
DA:118,30
DA:128,90
BRDA:124,2,0,-
BRDA:124,2,1,90
DA:130,30
BRDA:130,3,0,1
BRDA:130,3,1,29
FN:143,TokenizedShares.controllerReleaseShares
FNDA:33,TokenizedShares.controllerReleaseShares
DA:148,32
BRDA:148,4,0,3
BRDA:148,4,1,29
DA:149,29
BRDA:149,5,0,7
BRDA:149,5,1,22
DA:151,22
DA:153,22
DA:159,22
DA:161,22
DA:163,22
FN:174,TokenizedShares.transferDepositedShares
FNDA:3,TokenizedShares.transferDepositedShares
DA:178,2
FN:187,TokenizedShares.setCustomRenderer
FNDA:3,TokenizedShares.setCustomRenderer
DA:188,2
FN:196,TokenizedShares.customRenderer
FNDA:4,TokenizedShares.customRenderer
DA:197,4
DA:199,4
FN:209,TokenizedShares.keeperFees
FNDA:8,TokenizedShares.keeperFees
DA:210,8
DA:211,8
DA:213,8
FN:223,TokenizedShares.ownerFees
FNDA:2,TokenizedShares.ownerFees
DA:224,2
DA:225,2
DA:227,2
FN:237,TokenizedShares.releasable
FNDA:8,TokenizedShares.releasable
DA:238,8
DA:239,8
DA:241,8
FN:249,TokenizedShares.totalReleased
FNDA:2,TokenizedShares.totalReleased
DA:250,2
DA:252,2
FN:261,TokenizedShares.uri
FNDA:2,TokenizedShares.uri
DA:262,2
DA:264,2
DA:271,2
FN:290,TokenizedShares._releaseShares
FNDA:22,TokenizedShares._releaseShares
DA:301,22
DA:304,22
DA:305,72
DA:306,72
DA:307,72
DA:309,72
BRDA:309,6,0,72
BRDA:309,6,1,72
DA:310,72
DA:311,72
DA:316,22
BRDA:316,7,0,11
BRDA:316,7,1,22
DA:317,11
DA:321,22
BRDA:321,8,0,-
BRDA:321,8,1,11
DA:322,11
FN:339,TokenizedShares._releasable
FNDA:40,TokenizedShares._releasable
DA:345,40
DA:346,40
DA:347,40
DA:348,40
DA:350,40
DA:351,40
DA:353,40
DA:354,123
DA:355,123
DA:356,123
DA:359,40
BRDA:359,9,0,-
BRDA:359,9,1,23
DA:360,23
DA:361,23
DA:362,23
DA:365,40
FN:378,TokenizedShares._computeReleasableAmountAndFees
FNDA:123,TokenizedShares._computeReleasableAmountAndFees
DA:384,123
DA:387,123
DA:390,123
BRDA:390,10,0,15
BRDA:390,10,1,108
DA:391,15
DA:395,108
DA:396,108
BRDA:396,11,0,-
BRDA:396,11,1,108
DA:397,0
DA:401,108
DA:404,108
BRDA:404,12,0,-
BRDA:404,12,1,72
DA:405,72
DA:406,72
DA:408,108
FN:415,TokenizedShares._useBeforeTokenTransfer
FNDA:100,TokenizedShares._useBeforeTokenTransfer
DA:416,100
FN:423,TokenizedShares._beforeTokenTransfer
FNDA:100,TokenizedShares._beforeTokenTransfer
DA:428,100
DA:429,100
DA:431,100
BRDA:431,13,0,90
BRDA:431,13,1,10
DA:432,90
DA:435,10
DA:436,10
DA:439,10
DA:442,10
FN:456,TokenizedShares.onERC1155Received
FNDA:4,TokenizedShares.onERC1155Received
DA:461,4
BRDA:461,14,0,2
BRDA:461,14,1,1
DA:462,3
DA:471,2
FN:480,TokenizedShares.onERC1155BatchReceived
FNDA:3,TokenizedShares.onERC1155BatchReceived
DA:485,3
BRDA:485,15,0,1
BRDA:485,15,1,1
DA:486,2
DA:495,2
FN:505,TokenizedShares.supportsInterface
FNDA:4,TokenizedShares.supportsInterface
DA:506,4
FNF:22
FNH:22
LF:91
LH:90
BRF:32
BRH:27
end_of_record
TN:
SF:src/TokenizedSharesController.sol
FN:59,TokenizedSharesController.addTokenizedShares
FNDA:30,TokenizedSharesController.addTokenizedShares
DA:66,30
BRDA:66,0,0,1
BRDA:66,0,1,29
DA:68,29
DA:69,29
DA:71,29
DA:75,29
DA:77,29
DA:79,29
DA:81,29
FN:89,TokenizedSharesController.releaseShares
FNDA:26,TokenizedSharesController.releaseShares
DA:90,26
DA:92,26
FN:101,TokenizedSharesController.releaseShares
FNDA:1,TokenizedSharesController.releaseShares
DA:102,1
FN:113,TokenizedSharesController.keeperFees
FNDA:3,TokenizedSharesController.keeperFees
DA:114,3
DA:115,3
DA:117,3
FN:129,TokenizedSharesController.keeperFees
FNDA:1,TokenizedSharesController.keeperFees
DA:134,1
DA:136,1
FN:145,TokenizedSharesController.keeperShares
FNDA:2,TokenizedSharesController.keeperShares
DA:146,2
DA:147,2
DA:149,2
FN:160,TokenizedSharesController.keeperShares
FNDA:1,TokenizedSharesController.keeperShares
DA:165,1
DA:167,1
FN:178,TokenizedSharesController.releasable
FNDA:3,TokenizedSharesController.releasable
DA:179,3
DA:180,3
DA:182,3
FN:194,TokenizedSharesController.releasable
FNDA:1,TokenizedSharesController.releasable
DA:199,1
DA:201,1
FN:212,TokenizedSharesController.sharesOwned
FNDA:2,TokenizedSharesController.sharesOwned
DA:213,2
DA:214,2
DA:216,2
FN:228,TokenizedSharesController.sharesOwned
FNDA:1,TokenizedSharesController.sharesOwned
DA:233,1
DA:235,1
FN:248,TokenizedSharesController._releaseShares
FNDA:27,TokenizedSharesController._releaseShares
DA:249,27
DA:250,27
DA:252,27
DA:253,27
DA:256,27
DA:257,29
DA:268,27
FN:279,TokenizedSharesController._keeperFees
FNDA:4,TokenizedSharesController._keeperFees
DA:284,4
DA:285,4
DA:288,4
DA:289,6
DA:296,4
FN:306,TokenizedSharesController._keeperShares
FNDA:3,TokenizedSharesController._keeperShares
DA:307,3
DA:308,3
DA:311,3
DA:312,4
DA:319,3
FN:330,TokenizedSharesController._releasable
FNDA:4,TokenizedSharesController._releasable
DA:335,4
DA:336,4
DA:338,4
DA:341,4
DA:342,5
DA:350,4
FN:361,TokenizedSharesController._sharesOwned
FNDA:3,TokenizedSharesController._sharesOwned
DA:366,3
DA:367,3
DA:369,3
DA:372,3
DA:373,4
DA:382,3
FNF:16
FNH:16
LF:60
LH:60
BRF:2
BRH:2
end_of_record
TN:
SF:src/TokenizedSharesRenderer.sol
FN:41,TokenizedSharesRenderer.render
FNDA:1,TokenizedSharesRenderer.render
DA:42,1
DA:43,1
DA:45,1
DA:46,1
DA:47,1
DA:48,1
DA:49,1
DA:51,1
FN:54,TokenizedSharesRenderer.buildStrTotalReleased
FNDA:1,TokenizedSharesRenderer.buildStrTotalReleased
DA:55,1
DA:56,1
DA:58,1
DA:59,1
DA:61,1
FN:64,TokenizedSharesRenderer.buildImage
FNDA:1,TokenizedSharesRenderer.buildImage
DA:65,1
DA:66,1
DA:67,1
DA:68,1
DA:69,1
DA:70,1
FN:73,TokenizedSharesRenderer.buildAttributes
FNDA:1,TokenizedSharesRenderer.buildAttributes
DA:78,1
DA:79,1
DA:80,1
DA:81,1
FNF:4
FNH:4
LF:23
LH:23
BRF:0
BRH:0
end_of_record
TN:
SF:src/examples/CollectionTokenizedRoyalties.sol
FN:37,CollectionTokenizedRoyalties.royaltyInfo
FNDA:0,CollectionTokenizedRoyalties.royaltyInfo
DA:38,0
FN:42,CollectionTokenizedRoyalties.supportsInterface
FNDA:0,CollectionTokenizedRoyalties.supportsInterface
DA:43,0
FN:47,CollectionTokenizedRoyalties.mint
FNDA:0,CollectionTokenizedRoyalties.mint
DA:48,0
FN:52,CollectionTokenizedRoyalties.name
FNDA:0,CollectionTokenizedRoyalties.name
DA:53,0
FN:57,CollectionTokenizedRoyalties.symbol
FNDA:0,CollectionTokenizedRoyalties.symbol
DA:58,0
FN:62,CollectionTokenizedRoyalties.tokenURI
FNDA:0,CollectionTokenizedRoyalties.tokenURI
DA:63,0
FNF:6
FNH:0
LF:6
LH:0
BRF:0
BRH:0
end_of_record
TN:
SF:src/examples/CustomTokenizedSharesRenderer.sol
FN:7,CustomTokenizedSharesRenderer.render
FNDA:1,CustomTokenizedSharesRenderer.render
DA:8,1
FNF:1
FNH:1
LF:1
LH:1
BRF:0
BRH:0
end_of_record
TN:
SF:src/examples/PerTokenTokenizedRoyalties.sol
FN:39,PerTokenTokenizedRoyalties.mint
FNDA:0,PerTokenTokenizedRoyalties.mint
DA:40,0
DA:41,0
DA:42,0
DA:44,0
DA:45,0
DA:46,0
DA:49,0
DA:54,0
FN:58,PerTokenTokenizedRoyalties.royaltyInfo
FNDA:0,PerTokenTokenizedRoyalties.royaltyInfo
DA:59,0
DA:60,0
FN:64,PerTokenTokenizedRoyalties.supportsInterface
FNDA:0,PerTokenTokenizedRoyalties.supportsInterface
DA:65,0
FN:69,PerTokenTokenizedRoyalties.name
FNDA:0,PerTokenTokenizedRoyalties.name
DA:70,0
FN:74,PerTokenTokenizedRoyalties.symbol
FNDA:0,PerTokenTokenizedRoyalties.symbol
DA:75,0
FN:79,PerTokenTokenizedRoyalties.tokenURI
FNDA:0,PerTokenTokenizedRoyalties.tokenURI
DA:80,0
FNF:6
FNH:0
LF:14
LH:0
BRF:0
BRH:0
end_of_record
TN:
SF:src/libraries/TokenizedSharesControllerStorage.sol
FN:16,TokenizedSharesControllerStorage.layout
FNDA:0,TokenizedSharesControllerStorage.layout
DA:17,0
DA:19,0
FNF:1
FNH:0
LF:2
LH:0
BRF:0
BRH:0
end_of_record
TN:
SF:src/libraries/TokenizedSharesStorage.sol
FN:19,TokenizedSharesStorage.layout
FNDA:60,TokenizedSharesStorage.layout
DA:20,60
DA:22,60
FNF:1
FNH:1
LF:2
LH:2
BRF:0
BRH:0
end_of_record
TN:
SF:test/TokenizedShares.t.sol
FN:16,ERC1155Mock.uri
FNDA:0,ERC1155Mock.uri
DA:17,0
FNF:1
FNH:0
LF:1
LH:0
BRF:0
BRH:0
end_of_record
